The system is: Windows - 6.1 - x86
Compiling the C compiler identification source file "CMakeCCompilerId.c" succeeded.
Compiler: C:/Program Files (x86)/mingw-builds/x32-4.8.1-win32-dwarf-rev5/mingw32/bin/gcc.exe 
Build flags: 
Id flags: 

The output was:
0


Compilation of the C compiler identification source "CMakeCCompilerId.c" produced "a.exe"

The C compiler identification is GNU, found in "C:/Users/Leo/Projects/strat/lib/entityx-master/CMakeFiles/2.8.10.2/CompilerIdC/a.exe"

Compiling the CXX compiler identification source file "CMakeCXXCompilerId.cpp" succeeded.
Compiler: C:/Program Files (x86)/mingw-builds/x32-4.8.1-win32-dwarf-rev5/mingw32/bin/g++.exe 
Build flags: 
Id flags: 

The output was:
0


Compilation of the CXX compiler identification source "CMakeCXXCompilerId.cpp" produced "a.exe"

The CXX compiler identification is GNU, found in "C:/Users/Leo/Projects/strat/lib/entityx-master/CMakeFiles/2.8.10.2/CompilerIdCXX/a.exe"

Determining if the C compiler works passed with the following output:
Change Dir: C:/Users/Leo/Projects/strat/lib/entityx-master/CMakeFiles/CMakeTmp

Run Build Command:C:/PROGRA~2/MINGW-~1/X32-48~1.1-W/mingw32/bin/mingw32-make.exe "cmTryCompileExec2248536286/fast"
C:/PROGRA~2/MINGW-~1/X32-48~1.1-W/mingw32/bin/mingw32-make.exe -f CMakeFiles\cmTryCompileExec2248536286.dir\build.make CMakeFiles/cmTryCompileExec2248536286.dir/build
mingw32-make.exe[1]: Entering directory 'C:/Users/Leo/Projects/strat/lib/entityx-master/CMakeFiles/CMakeTmp'
"C:\Program Files (x86)\CMake 2.8\bin\cmake.exe" -E cmake_progress_report C:\Users\Leo\Projects\strat\lib\entityx-master\CMakeFiles\CMakeTmp\CMakeFiles 1
Building C object CMakeFiles/cmTryCompileExec2248536286.dir/testCCompiler.c.obj
C:\PROGRA~2\MINGW-~1\X32-48~1.1-W\mingw32\bin\gcc.exe    -o CMakeFiles\cmTryCompileExec2248536286.dir\testCCompiler.c.obj   -c C:\Users\Leo\Projects\strat\lib\entityx-master\CMakeFiles\CMakeTmp\testCCompiler.c
Linking C executable cmTryCompileExec2248536286.exe
"C:\Program Files (x86)\CMake 2.8\bin\cmake.exe" -E cmake_link_script CMakeFiles\cmTryCompileExec2248536286.dir\link.txt --verbose=1
"C:\Program Files (x86)\CMake 2.8\bin\cmake.exe" -E remove -f CMakeFiles\cmTryCompileExec2248536286.dir/objects.a
C:\PROGRA~2\MINGW-~1\X32-48~1.1-W\mingw32\bin\ar.exe cr CMakeFiles\cmTryCompileExec2248536286.dir/objects.a @CMakeFiles\cmTryCompileExec2248536286.dir\objects1.rsp
C:\PROGRA~2\MINGW-~1\X32-48~1.1-W\mingw32\bin\gcc.exe         -Wl,--whole-archive CMakeFiles\cmTryCompileExec2248536286.dir/objects.a -Wl,--no-whole-archive  -o cmTryCompileExec2248536286.exe -Wl,--out-implib,libcmTryCompileExec2248536286.dll.a -Wl,--major-image-version,0,--minor-image-version,0  -lkernel32 -luser32 -lgdi32 -lwinspool -lshell32 -lole32 -loleaut32 -luuid -lcomdlg32 -ladvapi32 
mingw32-make.exe[1]: Leaving directory 'C:/Users/Leo/Projects/strat/lib/entityx-master/CMakeFiles/CMakeTmp'


Detecting C compiler ABI info compiled with the following output:
Change Dir: C:/Users/Leo/Projects/strat/lib/entityx-master/CMakeFiles/CMakeTmp

Run Build Command:C:/PROGRA~2/MINGW-~1/X32-48~1.1-W/mingw32/bin/mingw32-make.exe "cmTryCompileExec3913534945/fast"
C:/PROGRA~2/MINGW-~1/X32-48~1.1-W/mingw32/bin/mingw32-make.exe -f CMakeFiles\cmTryCompileExec3913534945.dir\build.make CMakeFiles/cmTryCompileExec3913534945.dir/build
mingw32-make.exe[1]: Entering directory 'C:/Users/Leo/Projects/strat/lib/entityx-master/CMakeFiles/CMakeTmp'
"C:\Program Files (x86)\CMake 2.8\bin\cmake.exe" -E cmake_progress_report C:\Users\Leo\Projects\strat\lib\entityx-master\CMakeFiles\CMakeTmp\CMakeFiles 1
Building C object CMakeFiles/cmTryCompileExec3913534945.dir/CMakeCCompilerABI.c.obj
C:\PROGRA~2\MINGW-~1\X32-48~1.1-W\mingw32\bin\gcc.exe    -o CMakeFiles\cmTryCompileExec3913534945.dir\CMakeCCompilerABI.c.obj   -c "C:\Program Files (x86)\CMake 2.8\share\cmake-2.8\Modules\CMakeCCompilerABI.c"
Linking C executable cmTryCompileExec3913534945.exe
"C:\Program Files (x86)\CMake 2.8\bin\cmake.exe" -E cmake_link_script CMakeFiles\cmTryCompileExec3913534945.dir\link.txt --verbose=1
"C:\Program Files (x86)\CMake 2.8\bin\cmake.exe" -E remove -f CMakeFiles\cmTryCompileExec3913534945.dir/objects.a
C:\PROGRA~2\MINGW-~1\X32-48~1.1-W\mingw32\bin\ar.exe cr CMakeFiles\cmTryCompileExec3913534945.dir/objects.a @CMakeFiles\cmTryCompileExec3913534945.dir\objects1.rsp
C:\PROGRA~2\MINGW-~1\X32-48~1.1-W\mingw32\bin\gcc.exe       -v -Wl,--whole-archive CMakeFiles\cmTryCompileExec3913534945.dir/objects.a -Wl,--no-whole-archive  -o cmTryCompileExec3913534945.exe -Wl,--out-implib,libcmTryCompileExec3913534945.dll.a -Wl,--major-image-version,0,--minor-image-version,0   
Using built-in specs.
COLLECT_GCC=C:\PROGRA~2\MINGW-~1\X32-48~1.1-W\mingw32\bin\gcc.exe
COLLECT_LTO_WRAPPER=c:/progra~2/mingw-~1/x32-48~1.1-w/mingw32/bin/../libexec/gcc/i686-w64-mingw32/4.8.1/lto-wrapper.exe
Target: i686-w64-mingw32
Configured with: ../../../src/gcc-4.8.1/configure --host=i686-w64-mingw32 --build=i686-w64-mingw32 --target=i686-w64-mingw32 --prefix=/mingw32 --with-sysroot=/tmp/x32-481-win32-dwarf-r5/mingw32 --enable-shared --enable-static --disable-multilib --enable-languages=ada,c,c++,fortran,objc,obj-c++,lto --enable-libstdcxx-time=yes --enable-threads=win32 --enable-libgomp --enable-lto --enable-graphite --enable-checking=release --enable-fully-dynamic-string --enable-version-specific-runtime-libs --disable-sjlj-exceptions --with-dwarf2 --disable-isl-version-check --disable-cloog-version-check --disable-libstdcxx-pch --disable-libstdcxx-debug --enable-bootstrap --disable-rpath --disable-win32-registry --disable-nls --disable-werror --disable-symvers --with-gnu-as --with-gnu-ld --with-arch=i686 --with-tune=generic --with-libiconv --with-system-zlib --with-gmp=/tmp/mingw-prereq/i686-w64-mingw32-static --with-mpfr=/tmp/mingw-prereq/i686-w64-mingw32-static --with-mpc=/tmp/mingw-prereq/i686-w64-mingw32-static --with-isl=/tmp/mingw-prereq/i686-w64-mingw32-static --with-cloog=/tmp/mingw-prereq/i686-w64-mingw32-static --enable-cloog-backend=isl --with-pkgversion='rev5, Built by MinGW-W64 project' --with-bugurl=http://sourceforge.net/projects/mingw-w64 CFLAGS='-O2 -pipe -I/tmp/x32-481-win32-dwarf-r5/libs/include -I/tmp/mingw-prereq/x32-zlib/include -I/tmp/mingw-prereq/i686-w64-mingw32-static/include' CXXFLAGS='-O2 -pipe -I/tmp/x32-481-win32-dwarf-r5/libs/include -I/tmp/mingw-prereq/x32-zlib/include -I/tmp/mingw-prereq/i686-w64-mingw32-static/include' CPPFLAGS= LDFLAGS='-pipe -L/tmp/x32-481-win32-dwarf-r5/libs/lib -L/tmp/mingw-prereq/x32-zlib/lib -L/tmp/mingw-prereq/i686-w64-mingw32-static/lib -L/tmp/x32-481-win32-dwarf-r5/mingw32/opt/lib -Wl,--large-address-aware'
Thread model: win32
gcc version 4.8.1 (rev5, Built by MinGW-W64 project) 
COMPILER_PATH=c:/progra~2/mingw-~1/x32-48~1.1-w/mingw32/bin/../libexec/gcc/i686-w64-mingw32/4.8.1/;c:/progra~2/mingw-~1/x32-48~1.1-w/mingw32/bin/../libexec/gcc/;c:/progra~2/mingw-~1/x32-48~1.1-w/mingw32/bin/../lib/gcc/i686-w64-mingw32/4.8.1/../../../../i686-w64-mingw32/bin/
LIBRARY_PATH=c:/progra~2/mingw-~1/x32-48~1.1-w/mingw32/bin/../lib/gcc/i686-w64-mingw32/4.8.1/;c:/progra~2/mingw-~1/x32-48~1.1-w/mingw32/bin/../lib/gcc/;c:/progra~2/mingw-~1/x32-48~1.1-w/mingw32/bin/../lib/gcc/i686-w64-mingw32/4.8.1/../../../../i686-w64-mingw32/lib/../lib/;c:/progra~2/mingw-~1/x32-48~1.1-w/mingw32/bin/../lib/gcc/i686-w64-mingw32/4.8.1/../../../../lib/;c:/progra~2/mingw-~1/x32-48~1.1-w/mingw32/bin/../lib/gcc/i686-w64-mingw32/4.8.1/../../../../i686-w64-mingw32/lib/;c:/progra~2/mingw-~1/x32-48~1.1-w/mingw32/bin/../lib/gcc/i686-w64-mingw32/4.8.1/../../../
COLLECT_GCC_OPTIONS='-v' '-o' 'cmTryCompileExec3913534945.exe' '-mtune=generic' '-march=i686'
 c:/progra~2/mingw-~1/x32-48~1.1-w/mingw32/bin/../libexec/gcc/i686-w64-mingw32/4.8.1/collect2.exe --sysroot=C:/Temp/msys64/tmp/x32-481-win32-dwarf-r5/mingw32 -m i386pe -Bdynamic -o cmTryCompileExec3913534945.exe c:/progra~2/mingw-~1/x32-48~1.1-w/mingw32/bin/../lib/gcc/i686-w64-mingw32/4.8.1/../../../../i686-w64-mingw32/lib/../lib/crt2.o c:/progra~2/mingw-~1/x32-48~1.1-w/mingw32/bin/../lib/gcc/i686-w64-mingw32/4.8.1/crtbegin.o -Lc:/progra~2/mingw-~1/x32-48~1.1-w/mingw32/bin/../lib/gcc/i686-w64-mingw32/4.8.1 -Lc:/progra~2/mingw-~1/x32-48~1.1-w/mingw32/bin/../lib/gcc -Lc:/progra~2/mingw-~1/x32-48~1.1-w/mingw32/bin/../lib/gcc/i686-w64-mingw32/4.8.1/../../../../i686-w64-mingw32/lib/../lib -Lc:/progra~2/mingw-~1/x32-48~1.1-w/mingw32/bin/../lib/gcc/i686-w64-mingw32/4.8.1/../../../../lib -Lc:/progra~2/mingw-~1/x32-48~1.1-w/mingw32/bin/../lib/gcc/i686-w64-mingw32/4.8.1/../../../../i686-w64-mingw32/lib -Lc:/progra~2/mingw-~1/x32-48~1.1-w/mingw32/bin/../lib/gcc/i686-w64-mingw32/4.8.1/../../.. --whole-archive CMakeFiles\cmTryCompileExec3913534945.dir/objects.a --no-whole-archive --out-implib libcmTryCompileExec3913534945.dll.a --major-image-version 0 --minor-image-version 0 -lmingw32 -lgcc -lgcc_eh -lmoldname -lmingwex -lmsvcrt -ladvapi32 -lshell32 -luser32 -lkernel32 -liconv -lmingw32 -lgcc -lgcc_eh -lmoldname -lmingwex -lmsvcrt c:/progra~2/mingw-~1/x32-48~1.1-w/mingw32/bin/../lib/gcc/i686-w64-mingw32/4.8.1/crtend.o
mingw32-make.exe[1]: Leaving directory 'C:/Users/Leo/Projects/strat/lib/entityx-master/CMakeFiles/CMakeTmp'


Parsed C implicit link information from above output:
  link line regex: [^( *|.*[/\])(ld.exe|ld|collect2)[^/\]*( |$)]
  ignore line: [Change Dir: C:/Users/Leo/Projects/strat/lib/entityx-master/CMakeFiles/CMakeTmp]
  ignore line: []
  ignore line: [Run Build Command:C:/PROGRA~2/MINGW-~1/X32-48~1.1-W/mingw32/bin/mingw32-make.exe "cmTryCompileExec3913534945/fast"]
  ignore line: [C:/PROGRA~2/MINGW-~1/X32-48~1.1-W/mingw32/bin/mingw32-make.exe -f CMakeFiles\cmTryCompileExec3913534945.dir\build.make CMakeFiles/cmTryCompileExec3913534945.dir/build]
  ignore line: [mingw32-make.exe[1]: Entering directory 'C:/Users/Leo/Projects/strat/lib/entityx-master/CMakeFiles/CMakeTmp']
  ignore line: ["C:\Program Files (x86)\CMake 2.8\bin\cmake.exe" -E cmake_progress_report C:\Users\Leo\Projects\strat\lib\entityx-master\CMakeFiles\CMakeTmp\CMakeFiles 1]
  ignore line: [Building C object CMakeFiles/cmTryCompileExec3913534945.dir/CMakeCCompilerABI.c.obj]
  ignore line: [C:\PROGRA~2\MINGW-~1\X32-48~1.1-W\mingw32\bin\gcc.exe    -o CMakeFiles\cmTryCompileExec3913534945.dir\CMakeCCompilerABI.c.obj   -c "C:\Program Files (x86)\CMake 2.8\share\cmake-2.8\Modules\CMakeCCompilerABI.c"]
  ignore line: [Linking C executable cmTryCompileExec3913534945.exe]
  ignore line: ["C:\Program Files (x86)\CMake 2.8\bin\cmake.exe" -E cmake_link_script CMakeFiles\cmTryCompileExec3913534945.dir\link.txt --verbose=1]
  ignore line: ["C:\Program Files (x86)\CMake 2.8\bin\cmake.exe" -E remove -f CMakeFiles\cmTryCompileExec3913534945.dir/objects.a]
  ignore line: [C:\PROGRA~2\MINGW-~1\X32-48~1.1-W\mingw32\bin\ar.exe cr CMakeFiles\cmTryCompileExec3913534945.dir/objects.a @CMakeFiles\cmTryCompileExec3913534945.dir\objects1.rsp]
  ignore line: [C:\PROGRA~2\MINGW-~1\X32-48~1.1-W\mingw32\bin\gcc.exe       -v -Wl,--whole-archive CMakeFiles\cmTryCompileExec3913534945.dir/objects.a -Wl,--no-whole-archive  -o cmTryCompileExec3913534945.exe -Wl,--out-implib,libcmTryCompileExec3913534945.dll.a -Wl,--major-image-version,0,--minor-image-version,0   ]
  ignore line: [Using built-in specs.]
  ignore line: [COLLECT_GCC=C:\PROGRA~2\MINGW-~1\X32-48~1.1-W\mingw32\bin\gcc.exe]
  ignore line: [COLLECT_LTO_WRAPPER=c:/progra~2/mingw-~1/x32-48~1.1-w/mingw32/bin/../libexec/gcc/i686-w64-mingw32/4.8.1/lto-wrapper.exe]
  ignore line: [Target: i686-w64-mingw32]
  ignore line: [Configured with: ../../../src/gcc-4.8.1/configure --host=i686-w64-mingw32 --build=i686-w64-mingw32 --target=i686-w64-mingw32 --prefix=/mingw32 --with-sysroot=/tmp/x32-481-win32-dwarf-r5/mingw32 --enable-shared --enable-static --disable-multilib --enable-languages=ada,c,c++,fortran,objc,obj-c++,lto --enable-libstdcxx-time=yes --enable-threads=win32 --enable-libgomp --enable-lto --enable-graphite --enable-checking=release --enable-fully-dynamic-string --enable-version-specific-runtime-libs --disable-sjlj-exceptions --with-dwarf2 --disable-isl-version-check --disable-cloog-version-check --disable-libstdcxx-pch --disable-libstdcxx-debug --enable-bootstrap --disable-rpath --disable-win32-registry --disable-nls --disable-werror --disable-symvers --with-gnu-as --with-gnu-ld --with-arch=i686 --with-tune=generic --with-libiconv --with-system-zlib --with-gmp=/tmp/mingw-prereq/i686-w64-mingw32-static --with-mpfr=/tmp/mingw-prereq/i686-w64-mingw32-static --with-mpc=/tmp/mingw-prereq/i686-w64-mingw32-static --with-isl=/tmp/mingw-prereq/i686-w64-mingw32-static --with-cloog=/tmp/mingw-prereq/i686-w64-mingw32-static --enable-cloog-backend=isl --with-pkgversion='rev5, Built by MinGW-W64 project' --with-bugurl=http://sourceforge.net/projects/mingw-w64 CFLAGS='-O2 -pipe -I/tmp/x32-481-win32-dwarf-r5/libs/include -I/tmp/mingw-prereq/x32-zlib/include -I/tmp/mingw-prereq/i686-w64-mingw32-static/include' CXXFLAGS='-O2 -pipe -I/tmp/x32-481-win32-dwarf-r5/libs/include -I/tmp/mingw-prereq/x32-zlib/include -I/tmp/mingw-prereq/i686-w64-mingw32-static/include' CPPFLAGS= LDFLAGS='-pipe -L/tmp/x32-481-win32-dwarf-r5/libs/lib -L/tmp/mingw-prereq/x32-zlib/lib -L/tmp/mingw-prereq/i686-w64-mingw32-static/lib -L/tmp/x32-481-win32-dwarf-r5/mingw32/opt/lib -Wl,--large-address-aware']
  ignore line: [Thread model: win32]
  ignore line: [gcc version 4.8.1 (rev5, Built by MinGW-W64 project) ]
  ignore line: [COMPILER_PATH=c:/progra~2/mingw-~1/x32-48~1.1-w/mingw32/bin/../libexec/gcc/i686-w64-mingw32/4.8.1/]
  ignore line: [c:/progra~2/mingw-~1/x32-48~1.1-w/mingw32/bin/../libexec/gcc/]
  ignore line: [c:/progra~2/mingw-~1/x32-48~1.1-w/mingw32/bin/../lib/gcc/i686-w64-mingw32/4.8.1/../../../../i686-w64-mingw32/bin/]
  ignore line: [LIBRARY_PATH=c:/progra~2/mingw-~1/x32-48~1.1-w/mingw32/bin/../lib/gcc/i686-w64-mingw32/4.8.1/]
  ignore line: [c:/progra~2/mingw-~1/x32-48~1.1-w/mingw32/bin/../lib/gcc/]
  ignore line: [c:/progra~2/mingw-~1/x32-48~1.1-w/mingw32/bin/../lib/gcc/i686-w64-mingw32/4.8.1/../../../../i686-w64-mingw32/lib/../lib/]
  ignore line: [c:/progra~2/mingw-~1/x32-48~1.1-w/mingw32/bin/../lib/gcc/i686-w64-mingw32/4.8.1/../../../../lib/]
  ignore line: [c:/progra~2/mingw-~1/x32-48~1.1-w/mingw32/bin/../lib/gcc/i686-w64-mingw32/4.8.1/../../../../i686-w64-mingw32/lib/]
  ignore line: [c:/progra~2/mingw-~1/x32-48~1.1-w/mingw32/bin/../lib/gcc/i686-w64-mingw32/4.8.1/../../../]
  ignore line: [COLLECT_GCC_OPTIONS='-v' '-o' 'cmTryCompileExec3913534945.exe' '-mtune=generic' '-march=i686']
  link line: [ c:/progra~2/mingw-~1/x32-48~1.1-w/mingw32/bin/../libexec/gcc/i686-w64-mingw32/4.8.1/collect2.exe --sysroot=C:/Temp/msys64/tmp/x32-481-win32-dwarf-r5/mingw32 -m i386pe -Bdynamic -o cmTryCompileExec3913534945.exe c:/progra~2/mingw-~1/x32-48~1.1-w/mingw32/bin/../lib/gcc/i686-w64-mingw32/4.8.1/../../../../i686-w64-mingw32/lib/../lib/crt2.o c:/progra~2/mingw-~1/x32-48~1.1-w/mingw32/bin/../lib/gcc/i686-w64-mingw32/4.8.1/crtbegin.o -Lc:/progra~2/mingw-~1/x32-48~1.1-w/mingw32/bin/../lib/gcc/i686-w64-mingw32/4.8.1 -Lc:/progra~2/mingw-~1/x32-48~1.1-w/mingw32/bin/../lib/gcc -Lc:/progra~2/mingw-~1/x32-48~1.1-w/mingw32/bin/../lib/gcc/i686-w64-mingw32/4.8.1/../../../../i686-w64-mingw32/lib/../lib -Lc:/progra~2/mingw-~1/x32-48~1.1-w/mingw32/bin/../lib/gcc/i686-w64-mingw32/4.8.1/../../../../lib -Lc:/progra~2/mingw-~1/x32-48~1.1-w/mingw32/bin/../lib/gcc/i686-w64-mingw32/4.8.1/../../../../i686-w64-mingw32/lib -Lc:/progra~2/mingw-~1/x32-48~1.1-w/mingw32/bin/../lib/gcc/i686-w64-mingw32/4.8.1/../../.. --whole-archive CMakeFiles\cmTryCompileExec3913534945.dir/objects.a --no-whole-archive --out-implib libcmTryCompileExec3913534945.dll.a --major-image-version 0 --minor-image-version 0 -lmingw32 -lgcc -lgcc_eh -lmoldname -lmingwex -lmsvcrt -ladvapi32 -lshell32 -luser32 -lkernel32 -liconv -lmingw32 -lgcc -lgcc_eh -lmoldname -lmingwex -lmsvcrt c:/progra~2/mingw-~1/x32-48~1.1-w/mingw32/bin/../lib/gcc/i686-w64-mingw32/4.8.1/crtend.o]
    arg [c:/progra~2/mingw-~1/x32-48~1.1-w/mingw32/bin/../libexec/gcc/i686-w64-mingw32/4.8.1/collect2.exe] ==> ignore
    arg [--sysroot=C:/Temp/msys64/tmp/x32-481-win32-dwarf-r5/mingw32] ==> ignore
    arg [-m] ==> ignore
    arg [i386pe] ==> ignore
    arg [-Bdynamic] ==> ignore
    arg [-o] ==> ignore
    arg [cmTryCompileExec3913534945.exe] ==> ignore
    arg [c:/progra~2/mingw-~1/x32-48~1.1-w/mingw32/bin/../lib/gcc/i686-w64-mingw32/4.8.1/../../../../i686-w64-mingw32/lib/../lib/crt2.o] ==> ignore
    arg [c:/progra~2/mingw-~1/x32-48~1.1-w/mingw32/bin/../lib/gcc/i686-w64-mingw32/4.8.1/crtbegin.o] ==> ignore
    arg [-Lc:/progra~2/mingw-~1/x32-48~1.1-w/mingw32/bin/../lib/gcc/i686-w64-mingw32/4.8.1] ==> dir [c:/progra~2/mingw-~1/x32-48~1.1-w/mingw32/bin/../lib/gcc/i686-w64-mingw32/4.8.1]
    arg [-Lc:/progra~2/mingw-~1/x32-48~1.1-w/mingw32/bin/../lib/gcc] ==> dir [c:/progra~2/mingw-~1/x32-48~1.1-w/mingw32/bin/../lib/gcc]
    arg [-Lc:/progra~2/mingw-~1/x32-48~1.1-w/mingw32/bin/../lib/gcc/i686-w64-mingw32/4.8.1/../../../../i686-w64-mingw32/lib/../lib] ==> dir [c:/progra~2/mingw-~1/x32-48~1.1-w/mingw32/bin/../lib/gcc/i686-w64-mingw32/4.8.1/../../../../i686-w64-mingw32/lib/../lib]
    arg [-Lc:/progra~2/mingw-~1/x32-48~1.1-w/mingw32/bin/../lib/gcc/i686-w64-mingw32/4.8.1/../../../../lib] ==> dir [c:/progra~2/mingw-~1/x32-48~1.1-w/mingw32/bin/../lib/gcc/i686-w64-mingw32/4.8.1/../../../../lib]
    arg [-Lc:/progra~2/mingw-~1/x32-48~1.1-w/mingw32/bin/../lib/gcc/i686-w64-mingw32/4.8.1/../../../../i686-w64-mingw32/lib] ==> dir [c:/progra~2/mingw-~1/x32-48~1.1-w/mingw32/bin/../lib/gcc/i686-w64-mingw32/4.8.1/../../../../i686-w64-mingw32/lib]
    arg [-Lc:/progra~2/mingw-~1/x32-48~1.1-w/mingw32/bin/../lib/gcc/i686-w64-mingw32/4.8.1/../../..] ==> dir [c:/progra~2/mingw-~1/x32-48~1.1-w/mingw32/bin/../lib/gcc/i686-w64-mingw32/4.8.1/../../..]
    arg [--whole-archive] ==> ignore
    arg [CMakeFiles\cmTryCompileExec3913534945.dir/objects.a] ==> ignore
    arg [--no-whole-archive] ==> ignore
    arg [--out-implib] ==> ignore
    arg [libcmTryCompileExec3913534945.dll.a] ==> ignore
    arg [--major-image-version] ==> ignore
    arg [0] ==> ignore
    arg [--minor-image-version] ==> ignore
    arg [0] ==> ignore
    arg [-lmingw32] ==> lib [mingw32]
    arg [-lgcc] ==> lib [gcc]
    arg [-lgcc_eh] ==> lib [gcc_eh]
    arg [-lmoldname] ==> lib [moldname]
    arg [-lmingwex] ==> lib [mingwex]
    arg [-lmsvcrt] ==> lib [msvcrt]
    arg [-ladvapi32] ==> lib [advapi32]
    arg [-lshell32] ==> lib [shell32]
    arg [-luser32] ==> lib [user32]
    arg [-lkernel32] ==> lib [kernel32]
    arg [-liconv] ==> lib [iconv]
    arg [-lmingw32] ==> lib [mingw32]
    arg [-lgcc] ==> lib [gcc]
    arg [-lgcc_eh] ==> lib [gcc_eh]
    arg [-lmoldname] ==> lib [moldname]
    arg [-lmingwex] ==> lib [mingwex]
    arg [-lmsvcrt] ==> lib [msvcrt]
    arg [c:/progra~2/mingw-~1/x32-48~1.1-w/mingw32/bin/../lib/gcc/i686-w64-mingw32/4.8.1/crtend.o] ==> ignore
  remove lib [gcc]
  remove lib [gcc_eh]
  remove lib [gcc]
  remove lib [gcc_eh]
  collapse dir [c:/progra~2/mingw-~1/x32-48~1.1-w/mingw32/bin/../lib/gcc/i686-w64-mingw32/4.8.1] ==> [c:/Program Files (x86)/mingw-builds/x32-4.8.1-win32-dwarf-rev5/mingw32/lib/gcc/i686-w64-mingw32/4.8.1]
  collapse dir [c:/progra~2/mingw-~1/x32-48~1.1-w/mingw32/bin/../lib/gcc] ==> [c:/Program Files (x86)/mingw-builds/x32-4.8.1-win32-dwarf-rev5/mingw32/lib/gcc]
  collapse dir [c:/progra~2/mingw-~1/x32-48~1.1-w/mingw32/bin/../lib/gcc/i686-w64-mingw32/4.8.1/../../../../i686-w64-mingw32/lib/../lib] ==> [c:/Program Files (x86)/mingw-builds/x32-4.8.1-win32-dwarf-rev5/mingw32/i686-w64-mingw32/lib]
  collapse dir [c:/progra~2/mingw-~1/x32-48~1.1-w/mingw32/bin/../lib/gcc/i686-w64-mingw32/4.8.1/../../../../lib] ==> [c:/Program Files (x86)/mingw-builds/x32-4.8.1-win32-dwarf-rev5/mingw32/lib]
  collapse dir [c:/progra~2/mingw-~1/x32-48~1.1-w/mingw32/bin/../lib/gcc/i686-w64-mingw32/4.8.1/../../../../i686-w64-mingw32/lib] ==> [c:/Program Files (x86)/mingw-builds/x32-4.8.1-win32-dwarf-rev5/mingw32/i686-w64-mingw32/lib]
  collapse dir [c:/progra~2/mingw-~1/x32-48~1.1-w/mingw32/bin/../lib/gcc/i686-w64-mingw32/4.8.1/../../..] ==> [c:/Program Files (x86)/mingw-builds/x32-4.8.1-win32-dwarf-rev5/mingw32/lib]
  implicit libs: [mingw32;moldname;mingwex;msvcrt;advapi32;shell32;user32;kernel32;iconv;mingw32;moldname;mingwex;msvcrt]
  implicit dirs: [c:/Program Files (x86)/mingw-builds/x32-4.8.1-win32-dwarf-rev5/mingw32/lib/gcc/i686-w64-mingw32/4.8.1;c:/Program Files (x86)/mingw-builds/x32-4.8.1-win32-dwarf-rev5/mingw32/lib/gcc;c:/Program Files (x86)/mingw-builds/x32-4.8.1-win32-dwarf-rev5/mingw32/i686-w64-mingw32/lib;c:/Program Files (x86)/mingw-builds/x32-4.8.1-win32-dwarf-rev5/mingw32/lib]


Determining if the CXX compiler works passed with the following output:
Change Dir: C:/Users/Leo/Projects/strat/lib/entityx-master/CMakeFiles/CMakeTmp

Run Build Command:C:/PROGRA~2/MINGW-~1/X32-48~1.1-W/mingw32/bin/mingw32-make.exe "cmTryCompileExec875700174/fast"
C:/PROGRA~2/MINGW-~1/X32-48~1.1-W/mingw32/bin/mingw32-make.exe -f CMakeFiles\cmTryCompileExec875700174.dir\build.make CMakeFiles/cmTryCompileExec875700174.dir/build
mingw32-make.exe[1]: Entering directory 'C:/Users/Leo/Projects/strat/lib/entityx-master/CMakeFiles/CMakeTmp'
"C:\Program Files (x86)\CMake 2.8\bin\cmake.exe" -E cmake_progress_report C:\Users\Leo\Projects\strat\lib\entityx-master\CMakeFiles\CMakeTmp\CMakeFiles 1
Building CXX object CMakeFiles/cmTryCompileExec875700174.dir/testCXXCompiler.cxx.obj
C:\PROGRA~2\MINGW-~1\X32-48~1.1-W\mingw32\bin\G__~1.EXE     -o CMakeFiles\cmTryCompileExec875700174.dir\testCXXCompiler.cxx.obj -c C:\Users\Leo\Projects\strat\lib\entityx-master\CMakeFiles\CMakeTmp\testCXXCompiler.cxx
Linking CXX executable cmTryCompileExec875700174.exe
"C:\Program Files (x86)\CMake 2.8\bin\cmake.exe" -E cmake_link_script CMakeFiles\cmTryCompileExec875700174.dir\link.txt --verbose=1
"C:\Program Files (x86)\CMake 2.8\bin\cmake.exe" -E remove -f CMakeFiles\cmTryCompileExec875700174.dir/objects.a
C:\PROGRA~2\MINGW-~1\X32-48~1.1-W\mingw32\bin\ar.exe cr CMakeFiles\cmTryCompileExec875700174.dir/objects.a @CMakeFiles\cmTryCompileExec875700174.dir\objects1.rsp
C:\PROGRA~2\MINGW-~1\X32-48~1.1-W\mingw32\bin\G__~1.EXE         -Wl,--whole-archive CMakeFiles\cmTryCompileExec875700174.dir/objects.a -Wl,--no-whole-archive  -o cmTryCompileExec875700174.exe -Wl,--out-implib,libcmTryCompileExec875700174.dll.a -Wl,--major-image-version,0,--minor-image-version,0  -lkernel32 -luser32 -lgdi32 -lwinspool -lshell32 -lole32 -loleaut32 -luuid -lcomdlg32 -ladvapi32 
mingw32-make.exe[1]: Leaving directory 'C:/Users/Leo/Projects/strat/lib/entityx-master/CMakeFiles/CMakeTmp'


Detecting CXX compiler ABI info compiled with the following output:
Change Dir: C:/Users/Leo/Projects/strat/lib/entityx-master/CMakeFiles/CMakeTmp

Run Build Command:C:/PROGRA~2/MINGW-~1/X32-48~1.1-W/mingw32/bin/mingw32-make.exe "cmTryCompileExec822675237/fast"
C:/PROGRA~2/MINGW-~1/X32-48~1.1-W/mingw32/bin/mingw32-make.exe -f CMakeFiles\cmTryCompileExec822675237.dir\build.make CMakeFiles/cmTryCompileExec822675237.dir/build
mingw32-make.exe[1]: Entering directory 'C:/Users/Leo/Projects/strat/lib/entityx-master/CMakeFiles/CMakeTmp'
"C:\Program Files (x86)\CMake 2.8\bin\cmake.exe" -E cmake_progress_report C:\Users\Leo\Projects\strat\lib\entityx-master\CMakeFiles\CMakeTmp\CMakeFiles 1
Building CXX object CMakeFiles/cmTryCompileExec822675237.dir/CMakeCXXCompilerABI.cpp.obj
C:\PROGRA~2\MINGW-~1\X32-48~1.1-W\mingw32\bin\G__~1.EXE     -o CMakeFiles\cmTryCompileExec822675237.dir\CMakeCXXCompilerABI.cpp.obj -c "C:\Program Files (x86)\CMake 2.8\share\cmake-2.8\Modules\CMakeCXXCompilerABI.cpp"
Linking CXX executable cmTryCompileExec822675237.exe
"C:\Program Files (x86)\CMake 2.8\bin\cmake.exe" -E cmake_link_script CMakeFiles\cmTryCompileExec822675237.dir\link.txt --verbose=1
"C:\Program Files (x86)\CMake 2.8\bin\cmake.exe" -E remove -f CMakeFiles\cmTryCompileExec822675237.dir/objects.a
C:\PROGRA~2\MINGW-~1\X32-48~1.1-W\mingw32\bin\ar.exe cr CMakeFiles\cmTryCompileExec822675237.dir/objects.a @CMakeFiles\cmTryCompileExec822675237.dir\objects1.rsp
C:\PROGRA~2\MINGW-~1\X32-48~1.1-W\mingw32\bin\G__~1.EXE       -v -Wl,--whole-archive CMakeFiles\cmTryCompileExec822675237.dir/objects.a -Wl,--no-whole-archive  -o cmTryCompileExec822675237.exe -Wl,--out-implib,libcmTryCompileExec822675237.dll.a -Wl,--major-image-version,0,--minor-image-version,0   
Using built-in specs.
COLLECT_GCC=C:\PROGRA~2\MINGW-~1\X32-48~1.1-W\mingw32\bin\G__~1.EXE
COLLECT_LTO_WRAPPER=c:/progra~2/mingw-~1/x32-48~1.1-w/mingw32/bin/../libexec/gcc/i686-w64-mingw32/4.8.1/lto-wrapper.exe
Target: i686-w64-mingw32
Configured with: ../../../src/gcc-4.8.1/configure --host=i686-w64-mingw32 --build=i686-w64-mingw32 --target=i686-w64-mingw32 --prefix=/mingw32 --with-sysroot=/tmp/x32-481-win32-dwarf-r5/mingw32 --enable-shared --enable-static --disable-multilib --enable-languages=ada,c,c++,fortran,objc,obj-c++,lto --enable-libstdcxx-time=yes --enable-threads=win32 --enable-libgomp --enable-lto --enable-graphite --enable-checking=release --enable-fully-dynamic-string --enable-version-specific-runtime-libs --disable-sjlj-exceptions --with-dwarf2 --disable-isl-version-check --disable-cloog-version-check --disable-libstdcxx-pch --disable-libstdcxx-debug --enable-bootstrap --disable-rpath --disable-win32-registry --disable-nls --disable-werror --disable-symvers --with-gnu-as --with-gnu-ld --with-arch=i686 --with-tune=generic --with-libiconv --with-system-zlib --with-gmp=/tmp/mingw-prereq/i686-w64-mingw32-static --with-mpfr=/tmp/mingw-prereq/i686-w64-mingw32-static --with-mpc=/tmp/mingw-prereq/i686-w64-mingw32-static --with-isl=/tmp/mingw-prereq/i686-w64-mingw32-static --with-cloog=/tmp/mingw-prereq/i686-w64-mingw32-static --enable-cloog-backend=isl --with-pkgversion='rev5, Built by MinGW-W64 project' --with-bugurl=http://sourceforge.net/projects/mingw-w64 CFLAGS='-O2 -pipe -I/tmp/x32-481-win32-dwarf-r5/libs/include -I/tmp/mingw-prereq/x32-zlib/include -I/tmp/mingw-prereq/i686-w64-mingw32-static/include' CXXFLAGS='-O2 -pipe -I/tmp/x32-481-win32-dwarf-r5/libs/include -I/tmp/mingw-prereq/x32-zlib/include -I/tmp/mingw-prereq/i686-w64-mingw32-static/include' CPPFLAGS= LDFLAGS='-pipe -L/tmp/x32-481-win32-dwarf-r5/libs/lib -L/tmp/mingw-prereq/x32-zlib/lib -L/tmp/mingw-prereq/i686-w64-mingw32-static/lib -L/tmp/x32-481-win32-dwarf-r5/mingw32/opt/lib -Wl,--large-address-aware'
Thread model: win32
gcc version 4.8.1 (rev5, Built by MinGW-W64 project) 
COMPILER_PATH=c:/progra~2/mingw-~1/x32-48~1.1-w/mingw32/bin/../libexec/gcc/i686-w64-mingw32/4.8.1/;c:/progra~2/mingw-~1/x32-48~1.1-w/mingw32/bin/../libexec/gcc/;c:/progra~2/mingw-~1/x32-48~1.1-w/mingw32/bin/../lib/gcc/i686-w64-mingw32/4.8.1/../../../../i686-w64-mingw32/bin/
LIBRARY_PATH=c:/progra~2/mingw-~1/x32-48~1.1-w/mingw32/bin/../lib/gcc/i686-w64-mingw32/4.8.1/;c:/progra~2/mingw-~1/x32-48~1.1-w/mingw32/bin/../lib/gcc/;c:/progra~2/mingw-~1/x32-48~1.1-w/mingw32/bin/../lib/gcc/i686-w64-mingw32/4.8.1/../../../../i686-w64-mingw32/lib/../lib/;c:/progra~2/mingw-~1/x32-48~1.1-w/mingw32/bin/../lib/gcc/i686-w64-mingw32/4.8.1/../../../../lib/;c:/progra~2/mingw-~1/x32-48~1.1-w/mingw32/bin/../lib/gcc/i686-w64-mingw32/4.8.1/../../../../i686-w64-mingw32/lib/;c:/progra~2/mingw-~1/x32-48~1.1-w/mingw32/bin/../lib/gcc/i686-w64-mingw32/4.8.1/../../../
COLLECT_GCC_OPTIONS='-v' '-o' 'cmTryCompileExec822675237.exe' '-shared-libgcc' '-mtune=generic' '-march=i686'
 c:/progra~2/mingw-~1/x32-48~1.1-w/mingw32/bin/../libexec/gcc/i686-w64-mingw32/4.8.1/collect2.exe --sysroot=C:/Temp/msys64/tmp/x32-481-win32-dwarf-r5/mingw32 -m i386pe -Bdynamic -u ___register_frame_info -u ___deregister_frame_info -o cmTryCompileExec822675237.exe c:/progra~2/mingw-~1/x32-48~1.1-w/mingw32/bin/../lib/gcc/i686-w64-mingw32/4.8.1/../../../../i686-w64-mingw32/lib/../lib/crt2.o c:/progra~2/mingw-~1/x32-48~1.1-w/mingw32/bin/../lib/gcc/i686-w64-mingw32/4.8.1/crtbegin.o -Lc:/progra~2/mingw-~1/x32-48~1.1-w/mingw32/bin/../lib/gcc/i686-w64-mingw32/4.8.1 -Lc:/progra~2/mingw-~1/x32-48~1.1-w/mingw32/bin/../lib/gcc -Lc:/progra~2/mingw-~1/x32-48~1.1-w/mingw32/bin/../lib/gcc/i686-w64-mingw32/4.8.1/../../../../i686-w64-mingw32/lib/../lib -Lc:/progra~2/mingw-~1/x32-48~1.1-w/mingw32/bin/../lib/gcc/i686-w64-mingw32/4.8.1/../../../../lib -Lc:/progra~2/mingw-~1/x32-48~1.1-w/mingw32/bin/../lib/gcc/i686-w64-mingw32/4.8.1/../../../../i686-w64-mingw32/lib -Lc:/progra~2/mingw-~1/x32-48~1.1-w/mingw32/bin/../lib/gcc/i686-w64-mingw32/4.8.1/../../.. --whole-archive CMakeFiles\cmTryCompileExec822675237.dir/objects.a --no-whole-archive --out-implib libcmTryCompileExec822675237.dll.a --major-image-version 0 --minor-image-version 0 -lstdc++ -lmingw32 -lgcc_s -lgcc -lmoldname -lmingwex -lmsvcrt -ladvapi32 -lshell32 -luser32 -lkernel32 -liconv -lmingw32 -lgcc_s -lgcc -lmoldname -lmingwex -lmsvcrt c:/progra~2/mingw-~1/x32-48~1.1-w/mingw32/bin/../lib/gcc/i686-w64-mingw32/4.8.1/crtend.o
mingw32-make.exe[1]: Leaving directory 'C:/Users/Leo/Projects/strat/lib/entityx-master/CMakeFiles/CMakeTmp'


Parsed CXX implicit link information from above output:
  link line regex: [^( *|.*[/\])(ld.exe|ld|collect2)[^/\]*( |$)]
  ignore line: [Change Dir: C:/Users/Leo/Projects/strat/lib/entityx-master/CMakeFiles/CMakeTmp]
  ignore line: []
  ignore line: [Run Build Command:C:/PROGRA~2/MINGW-~1/X32-48~1.1-W/mingw32/bin/mingw32-make.exe "cmTryCompileExec822675237/fast"]
  ignore line: [C:/PROGRA~2/MINGW-~1/X32-48~1.1-W/mingw32/bin/mingw32-make.exe -f CMakeFiles\cmTryCompileExec822675237.dir\build.make CMakeFiles/cmTryCompileExec822675237.dir/build]
  ignore line: [mingw32-make.exe[1]: Entering directory 'C:/Users/Leo/Projects/strat/lib/entityx-master/CMakeFiles/CMakeTmp']
  ignore line: ["C:\Program Files (x86)\CMake 2.8\bin\cmake.exe" -E cmake_progress_report C:\Users\Leo\Projects\strat\lib\entityx-master\CMakeFiles\CMakeTmp\CMakeFiles 1]
  ignore line: [Building CXX object CMakeFiles/cmTryCompileExec822675237.dir/CMakeCXXCompilerABI.cpp.obj]
  ignore line: [C:\PROGRA~2\MINGW-~1\X32-48~1.1-W\mingw32\bin\G__~1.EXE     -o CMakeFiles\cmTryCompileExec822675237.dir\CMakeCXXCompilerABI.cpp.obj -c "C:\Program Files (x86)\CMake 2.8\share\cmake-2.8\Modules\CMakeCXXCompilerABI.cpp"]
  ignore line: [Linking CXX executable cmTryCompileExec822675237.exe]
  ignore line: ["C:\Program Files (x86)\CMake 2.8\bin\cmake.exe" -E cmake_link_script CMakeFiles\cmTryCompileExec822675237.dir\link.txt --verbose=1]
  ignore line: ["C:\Program Files (x86)\CMake 2.8\bin\cmake.exe" -E remove -f CMakeFiles\cmTryCompileExec822675237.dir/objects.a]
  ignore line: [C:\PROGRA~2\MINGW-~1\X32-48~1.1-W\mingw32\bin\ar.exe cr CMakeFiles\cmTryCompileExec822675237.dir/objects.a @CMakeFiles\cmTryCompileExec822675237.dir\objects1.rsp]
  ignore line: [C:\PROGRA~2\MINGW-~1\X32-48~1.1-W\mingw32\bin\G__~1.EXE       -v -Wl,--whole-archive CMakeFiles\cmTryCompileExec822675237.dir/objects.a -Wl,--no-whole-archive  -o cmTryCompileExec822675237.exe -Wl,--out-implib,libcmTryCompileExec822675237.dll.a -Wl,--major-image-version,0,--minor-image-version,0   ]
  ignore line: [Using built-in specs.]
  ignore line: [COLLECT_GCC=C:\PROGRA~2\MINGW-~1\X32-48~1.1-W\mingw32\bin\G__~1.EXE]
  ignore line: [COLLECT_LTO_WRAPPER=c:/progra~2/mingw-~1/x32-48~1.1-w/mingw32/bin/../libexec/gcc/i686-w64-mingw32/4.8.1/lto-wrapper.exe]
  ignore line: [Target: i686-w64-mingw32]
  ignore line: [Configured with: ../../../src/gcc-4.8.1/configure --host=i686-w64-mingw32 --build=i686-w64-mingw32 --target=i686-w64-mingw32 --prefix=/mingw32 --with-sysroot=/tmp/x32-481-win32-dwarf-r5/mingw32 --enable-shared --enable-static --disable-multilib --enable-languages=ada,c,c++,fortran,objc,obj-c++,lto --enable-libstdcxx-time=yes --enable-threads=win32 --enable-libgomp --enable-lto --enable-graphite --enable-checking=release --enable-fully-dynamic-string --enable-version-specific-runtime-libs --disable-sjlj-exceptions --with-dwarf2 --disable-isl-version-check --disable-cloog-version-check --disable-libstdcxx-pch --disable-libstdcxx-debug --enable-bootstrap --disable-rpath --disable-win32-registry --disable-nls --disable-werror --disable-symvers --with-gnu-as --with-gnu-ld --with-arch=i686 --with-tune=generic --with-libiconv --with-system-zlib --with-gmp=/tmp/mingw-prereq/i686-w64-mingw32-static --with-mpfr=/tmp/mingw-prereq/i686-w64-mingw32-static --with-mpc=/tmp/mingw-prereq/i686-w64-mingw32-static --with-isl=/tmp/mingw-prereq/i686-w64-mingw32-static --with-cloog=/tmp/mingw-prereq/i686-w64-mingw32-static --enable-cloog-backend=isl --with-pkgversion='rev5, Built by MinGW-W64 project' --with-bugurl=http://sourceforge.net/projects/mingw-w64 CFLAGS='-O2 -pipe -I/tmp/x32-481-win32-dwarf-r5/libs/include -I/tmp/mingw-prereq/x32-zlib/include -I/tmp/mingw-prereq/i686-w64-mingw32-static/include' CXXFLAGS='-O2 -pipe -I/tmp/x32-481-win32-dwarf-r5/libs/include -I/tmp/mingw-prereq/x32-zlib/include -I/tmp/mingw-prereq/i686-w64-mingw32-static/include' CPPFLAGS= LDFLAGS='-pipe -L/tmp/x32-481-win32-dwarf-r5/libs/lib -L/tmp/mingw-prereq/x32-zlib/lib -L/tmp/mingw-prereq/i686-w64-mingw32-static/lib -L/tmp/x32-481-win32-dwarf-r5/mingw32/opt/lib -Wl,--large-address-aware']
  ignore line: [Thread model: win32]
  ignore line: [gcc version 4.8.1 (rev5, Built by MinGW-W64 project) ]
  ignore line: [COMPILER_PATH=c:/progra~2/mingw-~1/x32-48~1.1-w/mingw32/bin/../libexec/gcc/i686-w64-mingw32/4.8.1/]
  ignore line: [c:/progra~2/mingw-~1/x32-48~1.1-w/mingw32/bin/../libexec/gcc/]
  ignore line: [c:/progra~2/mingw-~1/x32-48~1.1-w/mingw32/bin/../lib/gcc/i686-w64-mingw32/4.8.1/../../../../i686-w64-mingw32/bin/]
  ignore line: [LIBRARY_PATH=c:/progra~2/mingw-~1/x32-48~1.1-w/mingw32/bin/../lib/gcc/i686-w64-mingw32/4.8.1/]
  ignore line: [c:/progra~2/mingw-~1/x32-48~1.1-w/mingw32/bin/../lib/gcc/]
  ignore line: [c:/progra~2/mingw-~1/x32-48~1.1-w/mingw32/bin/../lib/gcc/i686-w64-mingw32/4.8.1/../../../../i686-w64-mingw32/lib/../lib/]
  ignore line: [c:/progra~2/mingw-~1/x32-48~1.1-w/mingw32/bin/../lib/gcc/i686-w64-mingw32/4.8.1/../../../../lib/]
  ignore line: [c:/progra~2/mingw-~1/x32-48~1.1-w/mingw32/bin/../lib/gcc/i686-w64-mingw32/4.8.1/../../../../i686-w64-mingw32/lib/]
  ignore line: [c:/progra~2/mingw-~1/x32-48~1.1-w/mingw32/bin/../lib/gcc/i686-w64-mingw32/4.8.1/../../../]
  ignore line: [COLLECT_GCC_OPTIONS='-v' '-o' 'cmTryCompileExec822675237.exe' '-shared-libgcc' '-mtune=generic' '-march=i686']
  link line: [ c:/progra~2/mingw-~1/x32-48~1.1-w/mingw32/bin/../libexec/gcc/i686-w64-mingw32/4.8.1/collect2.exe --sysroot=C:/Temp/msys64/tmp/x32-481-win32-dwarf-r5/mingw32 -m i386pe -Bdynamic -u ___register_frame_info -u ___deregister_frame_info -o cmTryCompileExec822675237.exe c:/progra~2/mingw-~1/x32-48~1.1-w/mingw32/bin/../lib/gcc/i686-w64-mingw32/4.8.1/../../../../i686-w64-mingw32/lib/../lib/crt2.o c:/progra~2/mingw-~1/x32-48~1.1-w/mingw32/bin/../lib/gcc/i686-w64-mingw32/4.8.1/crtbegin.o -Lc:/progra~2/mingw-~1/x32-48~1.1-w/mingw32/bin/../lib/gcc/i686-w64-mingw32/4.8.1 -Lc:/progra~2/mingw-~1/x32-48~1.1-w/mingw32/bin/../lib/gcc -Lc:/progra~2/mingw-~1/x32-48~1.1-w/mingw32/bin/../lib/gcc/i686-w64-mingw32/4.8.1/../../../../i686-w64-mingw32/lib/../lib -Lc:/progra~2/mingw-~1/x32-48~1.1-w/mingw32/bin/../lib/gcc/i686-w64-mingw32/4.8.1/../../../../lib -Lc:/progra~2/mingw-~1/x32-48~1.1-w/mingw32/bin/../lib/gcc/i686-w64-mingw32/4.8.1/../../../../i686-w64-mingw32/lib -Lc:/progra~2/mingw-~1/x32-48~1.1-w/mingw32/bin/../lib/gcc/i686-w64-mingw32/4.8.1/../../.. --whole-archive CMakeFiles\cmTryCompileExec822675237.dir/objects.a --no-whole-archive --out-implib libcmTryCompileExec822675237.dll.a --major-image-version 0 --minor-image-version 0 -lstdc++ -lmingw32 -lgcc_s -lgcc -lmoldname -lmingwex -lmsvcrt -ladvapi32 -lshell32 -luser32 -lkernel32 -liconv -lmingw32 -lgcc_s -lgcc -lmoldname -lmingwex -lmsvcrt c:/progra~2/mingw-~1/x32-48~1.1-w/mingw32/bin/../lib/gcc/i686-w64-mingw32/4.8.1/crtend.o]
    arg [c:/progra~2/mingw-~1/x32-48~1.1-w/mingw32/bin/../libexec/gcc/i686-w64-mingw32/4.8.1/collect2.exe] ==> ignore
    arg [--sysroot=C:/Temp/msys64/tmp/x32-481-win32-dwarf-r5/mingw32] ==> ignore
    arg [-m] ==> ignore
    arg [i386pe] ==> ignore
    arg [-Bdynamic] ==> ignore
    arg [-u] ==> ignore
    arg [___register_frame_info] ==> ignore
    arg [-u] ==> ignore
    arg [___deregister_frame_info] ==> ignore
    arg [-o] ==> ignore
    arg [cmTryCompileExec822675237.exe] ==> ignore
    arg [c:/progra~2/mingw-~1/x32-48~1.1-w/mingw32/bin/../lib/gcc/i686-w64-mingw32/4.8.1/../../../../i686-w64-mingw32/lib/../lib/crt2.o] ==> ignore
    arg [c:/progra~2/mingw-~1/x32-48~1.1-w/mingw32/bin/../lib/gcc/i686-w64-mingw32/4.8.1/crtbegin.o] ==> ignore
    arg [-Lc:/progra~2/mingw-~1/x32-48~1.1-w/mingw32/bin/../lib/gcc/i686-w64-mingw32/4.8.1] ==> dir [c:/progra~2/mingw-~1/x32-48~1.1-w/mingw32/bin/../lib/gcc/i686-w64-mingw32/4.8.1]
    arg [-Lc:/progra~2/mingw-~1/x32-48~1.1-w/mingw32/bin/../lib/gcc] ==> dir [c:/progra~2/mingw-~1/x32-48~1.1-w/mingw32/bin/../lib/gcc]
    arg [-Lc:/progra~2/mingw-~1/x32-48~1.1-w/mingw32/bin/../lib/gcc/i686-w64-mingw32/4.8.1/../../../../i686-w64-mingw32/lib/../lib] ==> dir [c:/progra~2/mingw-~1/x32-48~1.1-w/mingw32/bin/../lib/gcc/i686-w64-mingw32/4.8.1/../../../../i686-w64-mingw32/lib/../lib]
    arg [-Lc:/progra~2/mingw-~1/x32-48~1.1-w/mingw32/bin/../lib/gcc/i686-w64-mingw32/4.8.1/../../../../lib] ==> dir [c:/progra~2/mingw-~1/x32-48~1.1-w/mingw32/bin/../lib/gcc/i686-w64-mingw32/4.8.1/../../../../lib]
    arg [-Lc:/progra~2/mingw-~1/x32-48~1.1-w/mingw32/bin/../lib/gcc/i686-w64-mingw32/4.8.1/../../../../i686-w64-mingw32/lib] ==> dir [c:/progra~2/mingw-~1/x32-48~1.1-w/mingw32/bin/../lib/gcc/i686-w64-mingw32/4.8.1/../../../../i686-w64-mingw32/lib]
    arg [-Lc:/progra~2/mingw-~1/x32-48~1.1-w/mingw32/bin/../lib/gcc/i686-w64-mingw32/4.8.1/../../..] ==> dir [c:/progra~2/mingw-~1/x32-48~1.1-w/mingw32/bin/../lib/gcc/i686-w64-mingw32/4.8.1/../../..]
    arg [--whole-archive] ==> ignore
    arg [CMakeFiles\cmTryCompileExec822675237.dir/objects.a] ==> ignore
    arg [--no-whole-archive] ==> ignore
    arg [--out-implib] ==> ignore
    arg [libcmTryCompileExec822675237.dll.a] ==> ignore
    arg [--major-image-version] ==> ignore
    arg [0] ==> ignore
    arg [--minor-image-version] ==> ignore
    arg [0] ==> ignore
    arg [-lstdc++] ==> lib [stdc++]
    arg [-lmingw32] ==> lib [mingw32]
    arg [-lgcc_s] ==> lib [gcc_s]
    arg [-lgcc] ==> lib [gcc]
    arg [-lmoldname] ==> lib [moldname]
    arg [-lmingwex] ==> lib [mingwex]
    arg [-lmsvcrt] ==> lib [msvcrt]
    arg [-ladvapi32] ==> lib [advapi32]
    arg [-lshell32] ==> lib [shell32]
    arg [-luser32] ==> lib [user32]
    arg [-lkernel32] ==> lib [kernel32]
    arg [-liconv] ==> lib [iconv]
    arg [-lmingw32] ==> lib [mingw32]
    arg [-lgcc_s] ==> lib [gcc_s]
    arg [-lgcc] ==> lib [gcc]
    arg [-lmoldname] ==> lib [moldname]
    arg [-lmingwex] ==> lib [mingwex]
    arg [-lmsvcrt] ==> lib [msvcrt]
    arg [c:/progra~2/mingw-~1/x32-48~1.1-w/mingw32/bin/../lib/gcc/i686-w64-mingw32/4.8.1/crtend.o] ==> ignore
  remove lib [gcc_s]
  remove lib [gcc]
  remove lib [gcc_s]
  remove lib [gcc]
  collapse dir [c:/progra~2/mingw-~1/x32-48~1.1-w/mingw32/bin/../lib/gcc/i686-w64-mingw32/4.8.1] ==> [c:/Program Files (x86)/mingw-builds/x32-4.8.1-win32-dwarf-rev5/mingw32/lib/gcc/i686-w64-mingw32/4.8.1]
  collapse dir [c:/progra~2/mingw-~1/x32-48~1.1-w/mingw32/bin/../lib/gcc] ==> [c:/Program Files (x86)/mingw-builds/x32-4.8.1-win32-dwarf-rev5/mingw32/lib/gcc]
  collapse dir [c:/progra~2/mingw-~1/x32-48~1.1-w/mingw32/bin/../lib/gcc/i686-w64-mingw32/4.8.1/../../../../i686-w64-mingw32/lib/../lib] ==> [c:/Program Files (x86)/mingw-builds/x32-4.8.1-win32-dwarf-rev5/mingw32/i686-w64-mingw32/lib]
  collapse dir [c:/progra~2/mingw-~1/x32-48~1.1-w/mingw32/bin/../lib/gcc/i686-w64-mingw32/4.8.1/../../../../lib] ==> [c:/Program Files (x86)/mingw-builds/x32-4.8.1-win32-dwarf-rev5/mingw32/lib]
  collapse dir [c:/progra~2/mingw-~1/x32-48~1.1-w/mingw32/bin/../lib/gcc/i686-w64-mingw32/4.8.1/../../../../i686-w64-mingw32/lib] ==> [c:/Program Files (x86)/mingw-builds/x32-4.8.1-win32-dwarf-rev5/mingw32/i686-w64-mingw32/lib]
  collapse dir [c:/progra~2/mingw-~1/x32-48~1.1-w/mingw32/bin/../lib/gcc/i686-w64-mingw32/4.8.1/../../..] ==> [c:/Program Files (x86)/mingw-builds/x32-4.8.1-win32-dwarf-rev5/mingw32/lib]
  implicit libs: [stdc++;mingw32;moldname;mingwex;msvcrt;advapi32;shell32;user32;kernel32;iconv;mingw32;moldname;mingwex;msvcrt]
  implicit dirs: [c:/Program Files (x86)/mingw-builds/x32-4.8.1-win32-dwarf-rev5/mingw32/lib/gcc/i686-w64-mingw32/4.8.1;c:/Program Files (x86)/mingw-builds/x32-4.8.1-win32-dwarf-rev5/mingw32/lib/gcc;c:/Program Files (x86)/mingw-builds/x32-4.8.1-win32-dwarf-rev5/mingw32/i686-w64-mingw32/lib;c:/Program Files (x86)/mingw-builds/x32-4.8.1-win32-dwarf-rev5/mingw32/lib]


Determining if the include file stdint.h exists passed with the following output:
Change Dir: C:/Users/Leo/Projects/strat/lib/entityx-master/CMakeFiles/CMakeTmp

Run Build Command:C:/PROGRA~2/MINGW-~1/X32-48~1.1-W/mingw32/bin/mingw32-make.exe "cmTryCompileExec76080864/fast"
C:/PROGRA~2/MINGW-~1/X32-48~1.1-W/mingw32/bin/mingw32-make.exe -f CMakeFiles\cmTryCompileExec76080864.dir\build.make CMakeFiles/cmTryCompileExec76080864.dir/build
mingw32-make.exe[1]: Entering directory 'C:/Users/Leo/Projects/strat/lib/entityx-master/CMakeFiles/CMakeTmp'
"C:\Program Files (x86)\CMake 2.8\bin\cmake.exe" -E cmake_progress_report C:\Users\Leo\Projects\strat\lib\entityx-master\CMakeFiles\CMakeTmp\CMakeFiles 1
Building C object CMakeFiles/cmTryCompileExec76080864.dir/CheckIncludeFile.c.obj
C:\PROGRA~2\MINGW-~1\X32-48~1.1-W\mingw32\bin\gcc.exe    -o CMakeFiles\cmTryCompileExec76080864.dir\CheckIncludeFile.c.obj   -c C:\Users\Leo\Projects\strat\lib\entityx-master\CMakeFiles\CMakeTmp\CheckIncludeFile.c
Linking C executable cmTryCompileExec76080864.exe
"C:\Program Files (x86)\CMake 2.8\bin\cmake.exe" -E cmake_link_script CMakeFiles\cmTryCompileExec76080864.dir\link.txt --verbose=1
"C:\Program Files (x86)\CMake 2.8\bin\cmake.exe" -E remove -f CMakeFiles\cmTryCompileExec76080864.dir/objects.a
C:\PROGRA~2\MINGW-~1\X32-48~1.1-W\mingw32\bin\ar.exe cr CMakeFiles\cmTryCompileExec76080864.dir/objects.a @CMakeFiles\cmTryCompileExec76080864.dir\objects1.rsp
C:\PROGRA~2\MINGW-~1\X32-48~1.1-W\mingw32\bin\gcc.exe         -Wl,--whole-archive CMakeFiles\cmTryCompileExec76080864.dir/objects.a -Wl,--no-whole-archive  -o cmTryCompileExec76080864.exe -Wl,--out-implib,libcmTryCompileExec76080864.dll.a -Wl,--major-image-version,0,--minor-image-version,0  -lkernel32 -luser32 -lgdi32 -lwinspool -lshell32 -lole32 -loleaut32 -luuid -lcomdlg32 -ladvapi32 
mingw32-make.exe[1]: Leaving directory 'C:/Users/Leo/Projects/strat/lib/entityx-master/CMakeFiles/CMakeTmp'


